-- Using NDK /home/kodenamekrak/.local/share/QPM-RS/ndk/27.1.12297006+preview-0
-- PACKAGE NAME: bs-cordl
-- PACKAGE VERSION: 0.1.0
-- Configuring done (0.3s)
-- Generating done (0.0s)
-- Build files have been written to: /home/kodenamekrak/dev/beat-saber-modding/bs-cordl/build
[1/403] Building CXX object CMakeFiles/bs-cordl.dir/include/Internal/Cryptography/Cryptography.cpp.o
[2/403] Building CXX object CMakeFiles/bs-cordl.dir/include/Libraries/HM/HMLib/VR/VR.cpp.o
[3/403] Building CXX object CMakeFiles/bs-cordl.dir/include/IgnoranceCore/IgnoranceCore.cpp.o
[4/403] Building CXX object CMakeFiles/bs-cordl.dir/include/Internal/Threading/Tasks/Tracing/Tracing.cpp.o
[5/403] Building CXX object CMakeFiles/bs-cordl.dir/include/IntervalTree/IntervalTree.cpp.o
[6/403] Building CXX object CMakeFiles/bs-cordl.dir/include/LiteNetLib/Layers/Layers.cpp.o
[7/403] Building CXX object CMakeFiles/bs-cordl.dir/include/IgnoranceThirdparty/IgnoranceThirdparty.cpp.o
[8/403] Building CXX object CMakeFiles/bs-cordl.dir/include/JetBrains/Annotations/Annotations.cpp.o
[9/403] Building CXX object CMakeFiles/bs-cordl.dir/include/Internal/Cryptography/Pal/Pal.cpp.o
[10/403] Building CXX object CMakeFiles/bs-cordl.dir/include/LIV/SDK/Unity/Unity.cpp.o
[11/403] Building CXX object CMakeFiles/bs-cordl.dir/include/Ice/Ice.cpp.o
[12/403] Building CXX object CMakeFiles/bs-cordl.dir/include/BeatmapSaveDataVersion3/BeatmapSaveDataVersion3.cpp.o
[13/403] Building CXX object CMakeFiles/bs-cordl.dir/include/Internal/Runtime/Augments/Augments.cpp.o
[14/403] Building CXX object CMakeFiles/bs-cordl.dir/include/Environments/Definitions/Definitions.cpp.o
[15/403] Building CXX object CMakeFiles/bs-cordl.dir/include/ENet/ENet.cpp.o
[16/403] Building CXX object CMakeFiles/bs-cordl.dir/include/Microsoft/CSharp/CSharp.cpp.o
[17/403] Building CXX object CMakeFiles/bs-cordl.dir/include/LufsMetering/LufsMetering.cpp.o
[18/403] Building CXX object CMakeFiles/bs-cordl.dir/include/MS/Internal/Xml/Cache/Cache.cpp.o
[19/403] Building CXX object CMakeFiles/bs-cordl.dir/include/Meta/XR/Samples/Telemetry/Telemetry.cpp.o
[20/403] Building CXX object CMakeFiles/bs-cordl.dir/include/Meta/XR/Samples/Samples.cpp.o
[21/403] Building CXX object CMakeFiles/bs-cordl.dir/include/MS/Internal/Xml/XPath/XPath.cpp.o
[22/403] Building CXX object CMakeFiles/bs-cordl.dir/include/MidiParser/MidiParser.cpp.o
[23/403] Building CXX object CMakeFiles/bs-cordl.dir/include/ModestTree/Util/Util.cpp.o
[24/403] Building CXX object CMakeFiles/bs-cordl.dir/include/ModestTree/ModestTree.cpp.o
[25/403] Building CXX object CMakeFiles/bs-cordl.dir/include/Mono/Globalization/Unicode/Unicode.cpp.o
[26/403] Building CXX object CMakeFiles/bs-cordl.dir/include/LiteNetLib/Utils/Utils.cpp.o
[27/403] Building CXX object CMakeFiles/bs-cordl.dir/include/Microsoft/CodeAnalysis/CodeAnalysis.cpp.o
[28/403] Building CXX object CMakeFiles/bs-cordl.dir/include/LiteNetLib/LiteNetLib.cpp.o
[29/403] Building CXX object CMakeFiles/bs-cordl.dir/include/Microsoft/Win32/SafeHandles/SafeHandles.cpp.o
[30/403] Building CXX object CMakeFiles/bs-cordl.dir/include/Microsoft/Win32/Win32.cpp.o
[31/403] Building CXX object CMakeFiles/bs-cordl.dir/include/Mono/Interop/Interop.cpp.o
[32/403] Building CXX object CMakeFiles/bs-cordl.dir/include/HMUI/HMUI.cpp.o
[33/403] Building CXX object CMakeFiles/bs-cordl.dir/include/Mono/Math/Math.cpp.o
[34/403] Building CXX object CMakeFiles/bs-cordl.dir/include/Mono/Math/Prime/Generator/Generator.cpp.o
[35/403] Building CXX object CMakeFiles/bs-cordl.dir/include/Mono/Http/Http.cpp.o
[36/403] Building CXX object CMakeFiles/bs-cordl.dir/include/Mono/Mono.cpp.o
[37/403] Building CXX object CMakeFiles/bs-cordl.dir/include/Mono/Math/Prime/Prime.cpp.o
[38/403] Building CXX object CMakeFiles/bs-cordl.dir/include/Mono/Net/Security/Private/Private.cpp.o
[39/403] Building CXX object CMakeFiles/bs-cordl.dir/include/Mono/Security/X509/Extensions/Extensions.cpp.o
[40/403] Building CXX object CMakeFiles/bs-cordl.dir/include/Mono/Security/Authenticode/Authenticode.cpp.o
[41/403] Building CXX object CMakeFiles/bs-cordl.dir/include/Mono/Security/Security.cpp.o
[42/403] Building CXX object CMakeFiles/bs-cordl.dir/include/Mono/Security/Protocol/Ntlm/Ntlm.cpp.o
[43/403] Building CXX object CMakeFiles/bs-cordl.dir/include/Mono/Security/Cryptography/Cryptography.cpp.o
[44/403] Building CXX object CMakeFiles/bs-cordl.dir/include/Mono/Security/X509/X509.cpp.o
[45/403] Building CXX object CMakeFiles/bs-cordl.dir/include/HoudiniEngineUnity/HoudiniEngineUnity.cpp.o
[46/403] Building CXX object CMakeFiles/bs-cordl.dir/include/Mono/Net/Security/Security.cpp.o
[47/403] Building CXX object CMakeFiles/bs-cordl.dir/include/Mono/Security/Interface/Interface.cpp.o
[48/403] Building CXX object CMakeFiles/bs-cordl.dir/include/Mono/Util/Util.cpp.o
[49/403] Building CXX object CMakeFiles/bs-cordl.dir/include/Mono/Xml/Xml.cpp.o
[50/403] Building CXX object CMakeFiles/bs-cordl.dir/include/Newtonsoft/Json/Linq/JsonPath/JsonPath.cpp.o
[51/403] Building CXX object CMakeFiles/bs-cordl.dir/include/Newtonsoft/Json/Converters/Converters.cpp.o
[52/403] Building CXX object CMakeFiles/bs-cordl.dir/include/Newtonsoft/Json/Bson/Bson.cpp.o
[53/403] Building CXX object CMakeFiles/bs-cordl.dir/include/Newtonsoft/Json/Schema/Schema.cpp.o
[54/403] Building CXX object CMakeFiles/bs-cordl.dir/include/Oculus/Platform/Samples/EntitlementCheck/EntitlementCheck.cpp.o
[55/403] Building CXX object CMakeFiles/bs-cordl.dir/include/Mono/Unity/Unity.cpp.o
[56/403] Building CXX object CMakeFiles/bs-cordl.dir/include/Oculus/Platform/Models/Models.cpp.o
[57/403] Building CXX object CMakeFiles/bs-cordl.dir/include/Oculus/Haptics/Haptics.cpp.o
[58/403] Building CXX object CMakeFiles/bs-cordl.dir/include/OVRSimpleJSON/OVRSimpleJSON.cpp.o
[59/403] Building CXX object CMakeFiles/bs-cordl.dir/include/Oculus/Platform/Samples/SimplePlatformSample/SimplePlatformSample.cpp.o
[60/403] Building CXX object CMakeFiles/bs-cordl.dir/include/Org/BouncyCastle/Apache/Bzip2/Bzip2.cpp.o
[61/403] Building CXX object CMakeFiles/bs-cordl.dir/include/Newtonsoft/Json/Json.cpp.o
[62/403] Building CXX object CMakeFiles/bs-cordl.dir/include/Org/BouncyCastle/Asn1/Anssi/Anssi.cpp.o
[63/403] Building CXX object CMakeFiles/bs-cordl.dir/include/Newtonsoft/Json/Utilities/Utilities.cpp.o
[64/403] Building CXX object CMakeFiles/bs-cordl.dir/include/Newtonsoft/Json/Linq/Linq.cpp.o
[65/403] Building CXX object CMakeFiles/bs-cordl.dir/include/Newtonsoft/Json/Serialization/Serialization.cpp.o
[66/403] Building CXX object CMakeFiles/bs-cordl.dir/include/Org/BouncyCastle/Asn1/BC/BC.cpp.o
[67/403] Building CXX object CMakeFiles/bs-cordl.dir/include/Org/BouncyCastle/Asn1/Bsi/Bsi.cpp.o
[68/403] Building CXX object CMakeFiles/bs-cordl.dir/include/Oculus/Platform/Platform.cpp.o
[69/403] Building CXX object CMakeFiles/bs-cordl.dir/include/Org/BouncyCastle/Asn1/Cms/Ecc/Ecc.cpp.o
[70/403] Building CXX object CMakeFiles/bs-cordl.dir/include/OVR/OpenVR/OpenVR.cpp.o
[71/403] Building CXX object CMakeFiles/bs-cordl.dir/include/Org/BouncyCastle/Asn1/EdEC/EdEC.cpp.o
[72/403] Building CXX object CMakeFiles/bs-cordl.dir/include/Org/BouncyCastle/Asn1/CryptoPro/CryptoPro.cpp.o
[73/403] Building CXX object CMakeFiles/bs-cordl.dir/include/Org/BouncyCastle/Asn1/Cmp/Cmp.cpp.o
[74/403] Building CXX object CMakeFiles/bs-cordl.dir/include/Org/BouncyCastle/Asn1/Eac/Eac.cpp.o
[75/403] Building CXX object CMakeFiles/bs-cordl.dir/include/Org/BouncyCastle/Asn1/Cms/Cms.cpp.o
[76/403] Building CXX object CMakeFiles/bs-cordl.dir/include/Org/BouncyCastle/Asn1/Crmf/Crmf.cpp.o
[77/403] Building CXX object CMakeFiles/bs-cordl.dir/include/Org/BouncyCastle/Asn1/Iana/Iana.cpp.o
[78/403] Building CXX object CMakeFiles/bs-cordl.dir/include/Org/BouncyCastle/Asn1/Ess/Ess.cpp.o
[79/403] Building CXX object CMakeFiles/bs-cordl.dir/include/Org/BouncyCastle/Asn1/GM/GM.cpp.o
[80/403] Building CXX object CMakeFiles/bs-cordl.dir/include/Org/BouncyCastle/Asn1/Icao/Icao.cpp.o
[81/403] Building CXX object CMakeFiles/bs-cordl.dir/include/Org/BouncyCastle/Asn1/IsisMtt/IsisMtt.cpp.o
[82/403] Building CXX object CMakeFiles/bs-cordl.dir/include/Org/BouncyCastle/Asn1/Esf/Esf.cpp.o
[83/403] Building CXX object CMakeFiles/bs-cordl.dir/include/Org/BouncyCastle/Asn1/Gnu/Gnu.cpp.o
[84/403] Building CXX object CMakeFiles/bs-cordl.dir/include/Org/BouncyCastle/Asn1/Asn1.cpp.o
[85/403] Building CXX object CMakeFiles/bs-cordl.dir/include/Org/BouncyCastle/Asn1/Mozilla/Mozilla.cpp.o
[86/403] Building CXX object CMakeFiles/bs-cordl.dir/include/Org/BouncyCastle/Asn1/Microsoft/Microsoft.cpp.o
[87/403] Building CXX object CMakeFiles/bs-cordl.dir/include/Org/BouncyCastle/Asn1/Kisa/Kisa.cpp.o
[88/403] Building CXX object CMakeFiles/bs-cordl.dir/include/Org/BouncyCastle/Asn1/Ntt/Ntt.cpp.o
[89/403] Building CXX object CMakeFiles/bs-cordl.dir/include/Org/BouncyCastle/Asn1/IsisMtt/Ocsp/Ocsp.cpp.o
[90/403] Building CXX object CMakeFiles/bs-cordl.dir/include/Org/BouncyCastle/Asn1/IsisMtt/X509/X509.cpp.o
[91/403] Building CXX object CMakeFiles/bs-cordl.dir/include/Org/BouncyCastle/Asn1/Oiw/Oiw.cpp.o
[92/403] Building CXX object CMakeFiles/bs-cordl.dir/include/Org/BouncyCastle/Asn1/Misc/Misc.cpp.o
[93/403] Building CXX object CMakeFiles/bs-cordl.dir/include/Org/BouncyCastle/Asn1/Rosstandart/Rosstandart.cpp.o
[94/403] Building CXX object CMakeFiles/bs-cordl.dir/include/Org/BouncyCastle/Asn1/Nist/Nist.cpp.o
[95/403] Building CXX object CMakeFiles/bs-cordl.dir/include/Org/BouncyCastle/Asn1/Smime/Smime.cpp.o
[96/403] Building CXX object CMakeFiles/bs-cordl.dir/include/Org/BouncyCastle/Asn1/Ocsp/Ocsp.cpp.o
[97/403] Building CXX object CMakeFiles/bs-cordl.dir/include/Org/BouncyCastle/Asn1/Sec/Sec.cpp.o
[98/403] Building CXX object CMakeFiles/bs-cordl.dir/include/Org/BouncyCastle/Asn1/UA/UA.cpp.o
[99/403] Building CXX object CMakeFiles/bs-cordl.dir/include/Org/BouncyCastle/Asn1/TeleTrust/TeleTrust.cpp.o
[100/403] Building CXX object CMakeFiles/bs-cordl.dir/include/Org/BouncyCastle/Asn1/Tsp/Tsp.cpp.o
[101/403] Building CXX object CMakeFiles/bs-cordl.dir/include/Org/BouncyCastle/Asn1/X500/X500.cpp.o
[102/403] Building CXX object CMakeFiles/bs-cordl.dir/include/Org/BouncyCastle/Asn1/Pkcs/Pkcs.cpp.o
[103/403] Building CXX object CMakeFiles/bs-cordl.dir/include/Org/BouncyCastle/Asn1/X500/Style/Style.cpp.o
[104/403] Building CXX object CMakeFiles/bs-cordl.dir/include/Org/BouncyCastle/Asn1/X509/SigI/SigI.cpp.o
[105/403] Building CXX object CMakeFiles/bs-cordl.dir/include/Org/BouncyCastle/Bcpg/Attr/Attr.cpp.o
[106/403] Building CXX object CMakeFiles/bs-cordl.dir/include/Org/BouncyCastle/Asn1/Utilities/Utilities.cpp.o
[107/403] Building CXX object CMakeFiles/bs-cordl.dir/include/Org/BouncyCastle/Asn1/X509/Qualified/Qualified.cpp.o
[108/403] Building CXX object CMakeFiles/bs-cordl.dir/include/Org/BouncyCastle/Asn1/X9/X9.cpp.o
[109/403] Building CXX object CMakeFiles/bs-cordl.dir/include/Org/BouncyCastle/Bcpg/Sig/Sig.cpp.o
[110/403] Building CXX object CMakeFiles/bs-cordl.dir/include/Org/BouncyCastle/Cmp/Cmp.cpp.o
[111/403] Building CXX object CMakeFiles/bs-cordl.dir/include/Org/BouncyCastle/Crmf/Crmf.cpp.o
[112/403] Building CXX object CMakeFiles/bs-cordl.dir/include/Org/BouncyCastle/Crypto/Agreement/Agreement.cpp.o
[113/403] Building CXX object CMakeFiles/bs-cordl.dir/include/Org/BouncyCastle/Crypto/Agreement/Kdf/Kdf.cpp.o
[114/403] Building CXX object CMakeFiles/bs-cordl.dir/include/Org/BouncyCastle/Crypto/Agreement/JPake/JPake.cpp.o
[115/403] Building CXX object CMakeFiles/bs-cordl.dir/include/Org/BouncyCastle/Crypto/Agreement/Srp/Srp.cpp.o
[116/403] Building CXX object CMakeFiles/bs-cordl.dir/include/Org/BouncyCastle/Asn1/X509/X509.cpp.o
[117/403] Building CXX object CMakeFiles/bs-cordl.dir/include/Org/BouncyCastle/Bcpg/Bcpg.cpp.o
[118/403] Building CXX object CMakeFiles/bs-cordl.dir/include/Org/BouncyCastle/Crypto/Crypto.cpp.o
[119/403] Building CXX object CMakeFiles/bs-cordl.dir/include/Org/BouncyCastle/Crypto/EC/EC.cpp.o
[120/403] Building CXX object CMakeFiles/bs-cordl.dir/include/Org/BouncyCastle/Bcpg/OpenPgp/OpenPgp.cpp.o
[121/403] Building CXX object CMakeFiles/bs-cordl.dir/include/Org/BouncyCastle/Crypto/Digests/Digests.cpp.o
[122/403] Building CXX object CMakeFiles/bs-cordl.dir/include/Org/BouncyCastle/Crypto/Encodings/Encodings.cpp.o
[123/403] Building CXX object CMakeFiles/bs-cordl.dir/include/Org/BouncyCastle/Crypto/Generators/Generators.cpp.o
[124/403] Building CXX object CMakeFiles/bs-cordl.dir/include/Org/BouncyCastle/Crypto/Modes/Gcm/Gcm.cpp.o
[125/403] Building CXX object CMakeFiles/bs-cordl.dir/include/Org/BouncyCastle/Crypto/Engines/Engines.cpp.o
[126/403] Building CXX object CMakeFiles/bs-cordl.dir/include/Org/BouncyCastle/Crypto/Modes/Modes.cpp.o
[127/403] Building CXX object CMakeFiles/bs-cordl.dir/include/Org/BouncyCastle/Crypto/Operators/Operators.cpp.o
[128/403] Building CXX object CMakeFiles/bs-cordl.dir/include/Org/BouncyCastle/Crypto/Macs/Macs.cpp.o
[129/403] Building CXX object CMakeFiles/bs-cordl.dir/include/Org/BouncyCastle/Cms/Cms.cpp.o
[130/403] Building CXX object CMakeFiles/bs-cordl.dir/include/Org/BouncyCastle/Crypto/Paddings/Paddings.cpp.o
[131/403] Building CXX object CMakeFiles/bs-cordl.dir/include/Org/BouncyCastle/Crypto/Prng/Prng.cpp.o
[132/403] Building CXX object CMakeFiles/bs-cordl.dir/include/Org/BouncyCastle/Crypto/IO/IO.cpp.o
[133/403] Building CXX object CMakeFiles/bs-cordl.dir/include/Org/BouncyCastle/Crypto/Prng/Drbg/Drbg.cpp.o
[134/403] Building CXX object CMakeFiles/bs-cordl.dir/include/Org/BouncyCastle/Crypto/Parameters/Parameters.cpp.o
[135/403] Building CXX object CMakeFiles/bs-cordl.dir/include/Org/BouncyCastle/Crypto/Utilities/Utilities.cpp.o
[136/403] Building CXX object CMakeFiles/bs-cordl.dir/include/Org/BouncyCastle/Math/EC/Custom/Djb/Djb.cpp.o
[137/403] Building CXX object CMakeFiles/bs-cordl.dir/include/Org/BouncyCastle/Math/EC/Abc/Abc.cpp.o
[138/403] Building CXX object CMakeFiles/bs-cordl.dir/include/Org/BouncyCastle/Math/EC/Multiplier/Multiplier.cpp.o
[139/403] Building CXX object CMakeFiles/bs-cordl.dir/include/Org/BouncyCastle/Math/EC/Rfc8032/Rfc8032.cpp.o
[140/403] Building CXX object CMakeFiles/bs-cordl.dir/include/Org/BouncyCastle/Math/EC/Rfc7748/Rfc7748.cpp.o
[141/403] Building CXX object CMakeFiles/bs-cordl.dir/include/Org/BouncyCastle/Crypto/Signers/Signers.cpp.o
[142/403] Building CXX object CMakeFiles/bs-cordl.dir/include/Org/BouncyCastle/Math/EC/EC.cpp.o
[143/403] Building CXX object CMakeFiles/bs-cordl.dir/include/Org/BouncyCastle/Math/EC/Custom/GM/GM.cpp.o
[144/403] Building CXX object CMakeFiles/bs-cordl.dir/include/Org/BouncyCastle/Math/EC/Endo/Endo.cpp.o
[145/403] Building CXX object CMakeFiles/bs-cordl.dir/include/Org/BouncyCastle/Math/Field/Field.cpp.o
[146/403] Building CXX object CMakeFiles/bs-cordl.dir/include/Org/BouncyCastle/Math/Raw/Raw.cpp.o
[147/403] Building CXX object CMakeFiles/bs-cordl.dir/include/Org/BouncyCastle/Ocsp/Ocsp.cpp.o
[148/403] Building CXX object CMakeFiles/bs-cordl.dir/include/Org/BouncyCastle/Math/Math.cpp.o
[149/403] Building CXX object CMakeFiles/bs-cordl.dir/include/Org/BouncyCastle/OpenSsl/OpenSsl.cpp.o
[150/403] Building CXX object CMakeFiles/bs-cordl.dir/include/Org/BouncyCastle/Operators/Operators.cpp.o
[151/403] Building CXX object CMakeFiles/bs-cordl.dir/include/Org/BouncyCastle/Pkcs/Pkcs.cpp.o
[152/403] Building CXX object CMakeFiles/bs-cordl.dir/include/Org/BouncyCastle/Security/Certificates/Certificates.cpp.o
[153/403] Building CXX object CMakeFiles/bs-cordl.dir/include/Org/BouncyCastle/Crypto/Tls/Tls.cpp.o
[154/403] Building CXX object CMakeFiles/bs-cordl.dir/include/Org/BouncyCastle/Pkix/Pkix.cpp.o
[155/403] Building CXX object CMakeFiles/bs-cordl.dir/include/Org/BouncyCastle/Math/EC/Custom/Sec/Sec.cpp.o
[156/403] Building CXX object CMakeFiles/bs-cordl.dir/include/Org/BouncyCastle/Utilities/Collections/Collections.cpp.o
[157/403] Building CXX object CMakeFiles/bs-cordl.dir/include/Org/BouncyCastle/Utilities/Date/Date.cpp.o
[158/403] Building CXX object CMakeFiles/bs-cordl.dir/include/Org/BouncyCastle/Utilities/Encoders/Encoders.cpp.o
[159/403] Building CXX object CMakeFiles/bs-cordl.dir/include/Org/BouncyCastle/Security/Security.cpp.o
[160/403] Building CXX object CMakeFiles/bs-cordl.dir/include/Org/BouncyCastle/Tsp/Tsp.cpp.o
[161/403] Building CXX object CMakeFiles/bs-cordl.dir/include/Org/BouncyCastle/Utilities/IO/Pem/Pem.cpp.o
[162/403] Building CXX object CMakeFiles/bs-cordl.dir/include/Org/BouncyCastle/Utilities/Net/Net.cpp.o
[163/403] Building CXX object CMakeFiles/bs-cordl.dir/include/Org/BouncyCastle/Utilities/IO/IO.cpp.o
[164/403] Building CXX object CMakeFiles/bs-cordl.dir/include/Org/BouncyCastle/Utilities/Utilities.cpp.o
[165/403] Building CXX object CMakeFiles/bs-cordl.dir/include/Org/BouncyCastle/X509/Extension/Extension.cpp.o
[166/403] Building CXX object CMakeFiles/bs-cordl.dir/include/Priority_Queue/Priority_Queue.cpp.o
[167/403] Building CXX object CMakeFiles/bs-cordl.dir/include/SFB/SFB.cpp.o
[168/403] Building CXX object CMakeFiles/bs-cordl.dir/include/Org/BouncyCastle/X509/Store/Store.cpp.o
[169/403] Building CXX object CMakeFiles/bs-cordl.dir/include/System/Buffers/Binary/Binary.cpp.o
[170/403] Building CXX object CMakeFiles/bs-cordl.dir/include/Org/BouncyCastle/Utilities/Zlib/Zlib.cpp.o
[171/403] Building CXX object CMakeFiles/bs-cordl.dir/include/StyledUITemplates/StyledUITemplates.cpp.o
[172/403] Building CXX object CMakeFiles/bs-cordl.dir/include/System/CodeDom/Compiler/Compiler.cpp.o
[173/403] Building CXX object CMakeFiles/bs-cordl.dir/include/Org/BouncyCastle/X509/X509.cpp.o
[174/403] Building CXX object CMakeFiles/bs-cordl.dir/include/System/Buffers/Text/Text.cpp.o
[175/403] Building CXX object CMakeFiles/bs-cordl.dir/include/System/Buffers/Buffers.cpp.o
[176/403] Building CXX object CMakeFiles/bs-cordl.dir/include/System/Collections/Concurrent/Concurrent.cpp.o
[177/403] Building CXX object CMakeFiles/bs-cordl.dir/include/System/Collections/ObjectModel/ObjectModel.cpp.o
[178/403] Building CXX object CMakeFiles/bs-cordl.dir/include/System/Collections/Collections.cpp.o
[179/403] Building CXX object CMakeFiles/bs-cordl.dir/include/System/Configuration/Assemblies/Assemblies.cpp.o
[180/403] Building CXX object CMakeFiles/bs-cordl.dir/include/System/ComponentModel/Design/Design.cpp.o
[181/403] Building CXX object CMakeFiles/bs-cordl.dir/include/System/Collections/Specialized/Specialized.cpp.o
[182/403] Building CXX object CMakeFiles/bs-cordl.dir/include/System/Collections/Generic/Generic.cpp.o
[183/403] Building CXX object CMakeFiles/bs-cordl.dir/include/System/ComponentModel/Design/Serialization/Serialization.cpp.o
[184/403] Building CXX object CMakeFiles/bs-cordl.dir/include/System/Configuration/Configuration.cpp.o
[185/403] Building CXX object CMakeFiles/bs-cordl.dir/include/System/Drawing/Drawing.cpp.o
[186/403] Building CXX object CMakeFiles/bs-cordl.dir/include/System/Diagnostics/Contracts/Contracts.cpp.o
[187/403] Building CXX object CMakeFiles/bs-cordl.dir/include/System/Diagnostics/CodeAnalysis/CodeAnalysis.cpp.o
[188/403] Building CXX object CMakeFiles/bs-cordl.dir/include/System/Diagnostics/Tracing/Tracing.cpp.o
[189/403] Building CXX object CMakeFiles/bs-cordl.dir/include/System/Diagnostics/Diagnostics.cpp.o
[190/403] Building CXX object CMakeFiles/bs-cordl.dir/include/System/Dynamic/Utils/Utils.cpp.o
[191/403] Building CXX object CMakeFiles/bs-cordl.dir/include/System/Dynamic/Dynamic.cpp.o
[192/403] Building CXX object CMakeFiles/bs-cordl.dir/include/System/Data/Common/Common.cpp.o
[193/403] Building CXX object CMakeFiles/bs-cordl.dir/include/System/IO/Enumeration/Enumeration.cpp.o
[194/403] Building CXX object CMakeFiles/bs-cordl.dir/include/System/ComponentModel/ComponentModel.cpp.o
[195/403] Building CXX object CMakeFiles/bs-cordl.dir/include/System/Data/SqlTypes/SqlTypes.cpp.o
[196/403] Building CXX object CMakeFiles/bs-cordl.dir/include/System/Net/Cache/Cache.cpp.o
[197/403] Building CXX object CMakeFiles/bs-cordl.dir/include/System/Linq/Linq.cpp.o
[198/403] Building CXX object CMakeFiles/bs-cordl.dir/include/System/IO/Compression/Compression.cpp.o
[199/403] Building CXX object CMakeFiles/bs-cordl.dir/include/System/Net/Configuration/Configuration.cpp.o
[200/403] Building CXX object CMakeFiles/bs-cordl.dir/include/System/Net/Mail/Mail.cpp.o
[201/403] Building CXX object CMakeFiles/bs-cordl.dir/include/System/Net/Mime/Mime.cpp.o
[202/403] Building CXX object CMakeFiles/bs-cordl.dir/include/System/Linq/Expressions/Expressions.cpp.o
[203/403] Building CXX object CMakeFiles/bs-cordl.dir/include/System/Globalization/Globalization.cpp.o
[204/403] Building CXX object CMakeFiles/bs-cordl.dir/include/System/Net/NetworkInformation/AixStructs/AixStructs.cpp.o
[205/403] Building CXX object CMakeFiles/bs-cordl.dir/include/System/Net/NetworkInformation/MacOsStructs/MacOsStructs.cpp.o
[206/403] Building CXX object CMakeFiles/bs-cordl.dir/include/System/Net/NetworkInformation/NetworkInformation.cpp.o
[207/403] Building CXX object CMakeFiles/bs-cordl.dir/include/System/Net/Http/Headers/Headers.cpp.o
[208/403] Building CXX object CMakeFiles/bs-cordl.dir/include/System/Net/Http/Http.cpp.o
[209/403] Building CXX object CMakeFiles/bs-cordl.dir/include/System/Numerics/Hashing/Hashing.cpp.o
[210/403] Building CXX object CMakeFiles/bs-cordl.dir/include/System/Numerics/Numerics.cpp.o
[211/403] Building CXX object CMakeFiles/bs-cordl.dir/include/System/Data/Data.cpp.o
[212/403] Building CXX object CMakeFiles/bs-cordl.dir/include/System/IO/IO.cpp.o
[213/403] Building CXX object CMakeFiles/bs-cordl.dir/include/System/Linq/Expressions/Interpreter/Interpreter.cpp.o
[214/403] Building CXX object CMakeFiles/bs-cordl.dir/include/System/Runtime/ExceptionServices/ExceptionServices.cpp.o
[215/403] Building CXX object CMakeFiles/bs-cordl.dir/include/System/Reflection/Emit/Emit.cpp.o
[216/403] Building CXX object CMakeFiles/bs-cordl.dir/include/System/Net/Sockets/Sockets.cpp.o
[217/403] Building CXX object CMakeFiles/bs-cordl.dir/include/System/Resources/Resources.cpp.o
[218/403] Building CXX object CMakeFiles/bs-cordl.dir/include/System/Net/Security/Security.cpp.o
[219/403] Building CXX object CMakeFiles/bs-cordl.dir/include/System/Runtime/ConstrainedExecution/ConstrainedExecution.cpp.o
[220/403] Building CXX object CMakeFiles/bs-cordl.dir/include/System/Runtime/Remoting/Activation/Activation.cpp.o
[221/403] Building CXX object CMakeFiles/bs-cordl.dir/include/System/Runtime/Remoting/Channels/Channels.cpp.o
[222/403] Building CXX object CMakeFiles/bs-cordl.dir/include/System/Runtime/Remoting/Contexts/Contexts.cpp.o
[223/403] Building CXX object CMakeFiles/bs-cordl.dir/include/System/Reflection/Reflection.cpp.o
[224/403] Building CXX object CMakeFiles/bs-cordl.dir/include/System/Runtime/InteropServices/InteropServices.cpp.o
[225/403] Building CXX object CMakeFiles/bs-cordl.dir/include/System/Runtime/Remoting/Metadata/Metadata.cpp.o
[226/403] Building CXX object CMakeFiles/bs-cordl.dir/include/System/Runtime/CompilerServices/CompilerServices.cpp.o
[227/403] Building CXX object CMakeFiles/bs-cordl.dir/include/System/Runtime/Remoting/Messaging/Messaging.cpp.o
[228/403] Building CXX object CMakeFiles/bs-cordl.dir/include/System/Runtime/Remoting/Proxies/Proxies.cpp.o
[229/403] Building CXX object CMakeFiles/bs-cordl.dir/include/System/Runtime/Remoting/Lifetime/Lifetime.cpp.o
[230/403] Building CXX object CMakeFiles/bs-cordl.dir/include/System/Runtime/Serialization/Formatters/Formatters.cpp.o
[231/403] Building CXX object CMakeFiles/bs-cordl.dir/include/System/Runtime/Remoting/Services/Services.cpp.o
[232/403] Building CXX object CMakeFiles/bs-cordl.dir/include/System/Runtime/Remoting/Remoting.cpp.o
[233/403] Building CXX object CMakeFiles/bs-cordl.dir/include/System/Runtime/Runtime.cpp.o
[234/403] Building CXX object CMakeFiles/bs-cordl.dir/include/System/Runtime/Versioning/Versioning.cpp.o
[235/403] Building CXX object CMakeFiles/bs-cordl.dir/include/System/Runtime/Serialization/Formatters/Binary/Binary.cpp.o
[236/403] Building CXX object CMakeFiles/bs-cordl.dir/include/System/Security/Authentication/ExtendedProtection/ExtendedProtection.cpp.o
[237/403] Building CXX object CMakeFiles/bs-cordl.dir/include/System/Net/Net.cpp.o
[238/403] Building CXX object CMakeFiles/bs-cordl.dir/include/System/Security/Policy/Policy.cpp.o
[239/403] Building CXX object CMakeFiles/bs-cordl.dir/include/System/Security/Permissions/Permissions.cpp.o
[240/403] Building CXX object CMakeFiles/bs-cordl.dir/include/System/Security/Authentication/Authentication.cpp.o
[241/403] Building CXX object CMakeFiles/bs-cordl.dir/include/System/Runtime/Serialization/Serialization.cpp.o
[242/403] Building CXX object CMakeFiles/bs-cordl.dir/include/System/Security/Claims/Claims.cpp.o
[243/403] Building CXX object CMakeFiles/bs-cordl.dir/include/System/Security/AccessControl/AccessControl.cpp.o
[244/403] Building CXX object CMakeFiles/bs-cordl.dir/include/System/Security/Principal/Principal.cpp.o
[245/403] Building CXX object CMakeFiles/bs-cordl.dir/include/System/Security/Util/Util.cpp.o
[246/403] Building CXX object CMakeFiles/bs-cordl.dir/include/System/Security/Security.cpp.o
[247/403] Building CXX object CMakeFiles/bs-cordl.dir/include/System/Security/Cryptography/X509Certificates/X509Certificates.cpp.o
[248/403] Building CXX object CMakeFiles/bs-cordl.dir/include/System/Threading/Tasks/Sources/Sources.cpp.o
[249/403] Building CXX object CMakeFiles/bs-cordl.dir/include/System/Security/Cryptography/Cryptography.cpp.o
[250/403] Building CXX object CMakeFiles/bs-cordl.dir/include/System/Text/Text.cpp.o
[251/403] Building CXX object CMakeFiles/bs-cordl.dir/include/System/Xml/XmlConfiguration/XmlConfiguration.cpp.o
[252/403] Building CXX object CMakeFiles/bs-cordl.dir/include/System/Xml/XPath/XPath.cpp.o
[253/403] Building CXX object CMakeFiles/bs-cordl.dir/include/System/Text/RegularExpressions/RegularExpressions.cpp.o
[254/403] Building CXX object CMakeFiles/bs-cordl.dir/include/System/Threading/Tasks/Tasks.cpp.o
[255/403] Building CXX object CMakeFiles/bs-cordl.dir/include/System/Xml/Xsl/Runtime/Runtime.cpp.o
[256/403] Building CXX object CMakeFiles/bs-cordl.dir/include/System/Xml/Linq/Linq.cpp.o
[257/403] Building CXX object CMakeFiles/bs-cordl.dir/include/TMPro/SpriteAssetUtilities/SpriteAssetUtilities.cpp.o
[258/403] Building CXX object CMakeFiles/bs-cordl.dir/include/Tayx/Graphy/Advanced/Advanced.cpp.o
[259/403] Building CXX object CMakeFiles/bs-cordl.dir/include/System/Xml/Serialization/Serialization.cpp.o
[260/403] Building CXX object CMakeFiles/bs-cordl.dir/include/Tayx/Graphy/Audio/Audio.cpp.o
[261/403] Building CXX object CMakeFiles/bs-cordl.dir/include/System/Threading/Threading.cpp.o
[262/403] Building CXX object CMakeFiles/bs-cordl.dir/include/Tayx/Graphy/Fps/Fps.cpp.o
[263/403] Building CXX object CMakeFiles/bs-cordl.dir/include/Tayx/Graphy/Graph/Graph.cpp.o
[264/403] Building CXX object CMakeFiles/bs-cordl.dir/include/Tayx/Graphy/UI/UI.cpp.o
[265/403] Building CXX object CMakeFiles/bs-cordl.dir/include/Tayx/Graphy/Ram/Ram.cpp.o
[266/403] Building CXX object CMakeFiles/bs-cordl.dir/include/Tayx/Graphy/Graphy.cpp.o
[267/403] Building CXX object CMakeFiles/bs-cordl.dir/include/Tayx/Graphy/Utils/NumString/NumString.cpp.o
[268/403] Building CXX object CMakeFiles/bs-cordl.dir/include/Tayx/Graphy/Utils/Utils.cpp.o
[269/403] Building CXX object CMakeFiles/bs-cordl.dir/include/Unity/Burst/Burst.cpp.o
[270/403] Building CXX object CMakeFiles/bs-cordl.dir/include/Tweening/Tweening.cpp.o
[271/403] Building CXX object CMakeFiles/bs-cordl.dir/include/Unity/Burst/CompilerServices/CompilerServices.cpp.o
[272/403] Building CXX object CMakeFiles/bs-cordl.dir/include/Unity/Collections/Collections.cpp.o
[273/403] Building CXX object CMakeFiles/bs-cordl.dir/include/Unity/Burst/LowLevel/LowLevel.cpp.o
[274/403] Building CXX object CMakeFiles/bs-cordl.dir/include/Unity/IL2CPP/CompilerServices/CompilerServices.cpp.o
[275/403] Building CXX object CMakeFiles/bs-cordl.dir/include/Unity/IO/Archive/Archive.cpp.o
[276/403] Building CXX object CMakeFiles/bs-cordl.dir/include/Unity/IL2CPP/Metadata/Metadata.cpp.o
[277/403] Building CXX object CMakeFiles/bs-cordl.dir/include/Unity/Collections/LowLevel/Unsafe/Unsafe.cpp.o
[278/403] Building CXX object CMakeFiles/bs-cordl.dir/include/Unity/Jobs/Jobs.cpp.o
[279/403] Building CXX object CMakeFiles/bs-cordl.dir/include/Unity/IO/LowLevel/Unsafe/Unsafe.cpp.o
[280/403] Building CXX object CMakeFiles/bs-cordl.dir/include/TMPro/TMPro.cpp.o
[281/403] Building CXX object CMakeFiles/bs-cordl.dir/include/Unity/Jobs/LowLevel/Unsafe/Unsafe.cpp.o
[282/403] Building CXX object CMakeFiles/bs-cordl.dir/include/Unity/Profiling/LowLevel/Unsafe/Unsafe.cpp.o
[283/403] Building CXX object CMakeFiles/bs-cordl.dir/include/System/Xml/Xml.cpp.o
[284/403] Building CXX object CMakeFiles/bs-cordl.dir/include/Unity/Mathematics/Geometry/Geometry.cpp.o
[285/403] Building CXX object CMakeFiles/bs-cordl.dir/include/Unity/Profiling/Memory/Memory.cpp.o
[286/403] Building CXX object CMakeFiles/bs-cordl.dir/include/Unity/Profiling/LowLevel/LowLevel.cpp.o
[287/403] Building CXX object CMakeFiles/bs-cordl.dir/include/System/System.cpp.o
[288/403] Building CXX object CMakeFiles/bs-cordl.dir/include/Unity/Profiling/Profiling.cpp.o
[289/403] Building CXX object CMakeFiles/bs-cordl.dir/include/Unity/Burst/Intrinsics/Intrinsics.cpp.o
[290/403] Building CXX object CMakeFiles/bs-cordl.dir/include/System/Xml/Schema/Schema.cpp.o
[291/403] Building CXX object CMakeFiles/bs-cordl.dir/include/Unity/Unity.cpp.o
[292/403] Building CXX object CMakeFiles/bs-cordl.dir/include/Unity/Properties/Properties.cpp.o
[293/403] Building CXX object CMakeFiles/bs-cordl.dir/include/Unity/Properties/Internal/Internal.cpp.o
[294/403] Building CXX object CMakeFiles/bs-cordl.dir/include/Unity/XR/Oculus/Input/Input.cpp.o
[295/403] Building CXX object CMakeFiles/bs-cordl.dir/include/Unity/XR/GoogleVr/GoogleVr.cpp.o
[296/403] Building CXX object CMakeFiles/bs-cordl.dir/include/UnityEngine/AddressableAssets/ResourceLocators/ResourceLocators.cpp.o
[297/403] Building CXX object CMakeFiles/bs-cordl.dir/include/Unity/XR/Oculus/Oculus.cpp.o
[298/403] Building CXX object CMakeFiles/bs-cordl.dir/include/UnityEngine/AddressableAssets/ResourceProviders/ResourceProviders.cpp.o
[299/403] Building CXX object CMakeFiles/bs-cordl.dir/include/UnityEngine/AddressableAssets/Initialization/Initialization.cpp.o
[300/403] Building CXX object CMakeFiles/bs-cordl.dir/include/Unity/XR/OpenVR/OpenVR.cpp.o
[301/403] Building CXX object CMakeFiles/bs-cordl.dir/include/UnityEngine/Android/Android.cpp.o
[302/403] Building CXX object CMakeFiles/bs-cordl.dir/include/UnityEngine/Animations/Animations.cpp.o
[303/403] Building CXX object CMakeFiles/bs-cordl.dir/include/UnityEngine/AddressableAssets/Utility/Utility.cpp.o
[304/403] Building CXX object CMakeFiles/bs-cordl.dir/include/UnityEngine/Assertions/Assertions.cpp.o
[305/403] Building CXX object CMakeFiles/bs-cordl.dir/include/UnityEngine/Audio/Audio.cpp.o
[306/403] Building CXX object CMakeFiles/bs-cordl.dir/include/UnityEngine/Bindings/Bindings.cpp.o
[307/403] Building CXX object CMakeFiles/bs-cordl.dir/include/UnityEngine/AddressableAssets/AddressableAssets.cpp.o
[308/403] Building CXX object CMakeFiles/bs-cordl.dir/include/UnityEngine/Experimental/Audio/Audio.cpp.o
[309/403] Building CXX object CMakeFiles/bs-cordl.dir/include/UnityEngine/Events/Events.cpp.o
[310/403] Building CXX object CMakeFiles/bs-cordl.dir/include/UnityEngine/Experimental/U2D/U2D.cpp.o
[311/403] Building CXX object CMakeFiles/bs-cordl.dir/include/UnityEngine/Experimental/Playables/Playables.cpp.o
[312/403] Building CXX object CMakeFiles/bs-cordl.dir/include/UnityEngine/Experimental/Rendering/Rendering.cpp.o
[313/403] Building CXX object CMakeFiles/bs-cordl.dir/include/UnityEngine/Experimental/XR/Interaction/Interaction.cpp.o
[314/403] Building CXX object CMakeFiles/bs-cordl.dir/include/UnityEngine/Experimental/GlobalIllumination/GlobalIllumination.cpp.o
[315/403] Building CXX object CMakeFiles/bs-cordl.dir/include/UnityEngine/Experimental/Video/Video.cpp.o
[316/403] Building CXX object CMakeFiles/bs-cordl.dir/include/UnityEngine/InputSystem/Android/LowLevel/LowLevel.cpp.o
[317/403] Building CXX object CMakeFiles/bs-cordl.dir/include/UnityEngine/InputSystem/Composites/Composites.cpp.o
[318/403] Building CXX object CMakeFiles/bs-cordl.dir/include/UnityEngine/InputSystem/Android/Android.cpp.o
[319/403] Building CXX object CMakeFiles/bs-cordl.dir/include/UnityEngine/InputSystem/DualShock/DualShock.cpp.o
[320/403] Building CXX object CMakeFiles/bs-cordl.dir/include/UnityEngine/InputSystem/Haptics/Haptics.cpp.o
[321/403] Building CXX object CMakeFiles/bs-cordl.dir/include/UnityEngine/InputSystem/HID/HID.cpp.o
[322/403] Building CXX object CMakeFiles/bs-cordl.dir/include/UnityEngine/InputSystem/EnhancedTouch/EnhancedTouch.cpp.o
[323/403] Building CXX object CMakeFiles/bs-cordl.dir/include/UnityEngine/InputSystem/Interactions/Interactions.cpp.o
[324/403] Building CXX object CMakeFiles/bs-cordl.dir/include/UnityEngine/InputSystem/Controls/Controls.cpp.o
[325/403] Building CXX object CMakeFiles/bs-cordl.dir/include/UnityEngine/EventSystems/EventSystems.cpp.o
[326/403] Building CXX object CMakeFiles/bs-cordl.dir/include/UnityEngine/InputSystem/OnScreen/OnScreen.cpp.o
[327/403] Building CXX object CMakeFiles/bs-cordl.dir/include/UnityEngine/InputSystem/Users/Users.cpp.o
[328/403] Building CXX object CMakeFiles/bs-cordl.dir/include/UnityEngine/InputSystem/XInput/XInput.cpp.o
[329/403] Building CXX object CMakeFiles/bs-cordl.dir/include/UnityEngine/InputSystem/Processors/Processors.cpp.o
[330/403] Building CXX object CMakeFiles/bs-cordl.dir/include/UnityEngine/InputSystem/Layouts/Layouts.cpp.o
[331/403] Building CXX object CMakeFiles/bs-cordl.dir/include/Unity/Mathematics/Mathematics.cpp.o
[332/403] Building CXX object CMakeFiles/bs-cordl.dir/include/UnityEngine/InputSystem/UI/UI.cpp.o
[333/403] Building CXX object CMakeFiles/bs-cordl.dir/include/UnityEngine/InputSystem/XR/Haptics/Haptics.cpp.o
[334/403] Building CXX object CMakeFiles/bs-cordl.dir/include/UnityEngine/InputSystem/Utilities/Utilities.cpp.o
[335/403] Building CXX object CMakeFiles/bs-cordl.dir/include/UnityEngine/InputSystem/LowLevel/LowLevel.cpp.o
[336/403] Building CXX object CMakeFiles/bs-cordl.dir/include/UnityEngine/InputSystem/XR/XR.cpp.o
[337/403] Building CXX object CMakeFiles/bs-cordl.dir/include/UnityEngine/Networking/Networking.cpp.o
[338/403] Building CXX object CMakeFiles/bs-cordl.dir/include/UnityEngine/Internal/Internal.cpp.o
[339/403] Building CXX object CMakeFiles/bs-cordl.dir/include/UnityEngine/Networking/PlayerConnection/PlayerConnection.cpp.o
[340/403] Building CXX object CMakeFiles/bs-cordl.dir/include/UnityEngine/LowLevel/LowLevel.cpp.o
[341/403] Building CXX object CMakeFiles/bs-cordl.dir/include/UnityEngine/ParticleSystemJobs/ParticleSystemJobs.cpp.o
[342/403] Building CXX object CMakeFiles/bs-cordl.dir/include/UnityEngine/PlayerLoop/PlayerLoop.cpp.o
[343/403] Building CXX object CMakeFiles/bs-cordl.dir/include/UnityEngine/ProBuilder/KdTree/KdTree.cpp.o
[344/403] Building CXX object CMakeFiles/bs-cordl.dir/include/UnityEngine/PS4/XR/XR.cpp.o
[345/403] Building CXX object CMakeFiles/bs-cordl.dir/include/UnityEngine/ProBuilder/KdTree/Math/Math.cpp.o
[346/403] Building CXX object CMakeFiles/bs-cordl.dir/include/UnityEngine/Pool/Pool.cpp.o
[347/403] Building CXX object CMakeFiles/bs-cordl.dir/include/UnityEngine/Playables/Playables.cpp.o
[348/403] Building CXX object CMakeFiles/bs-cordl.dir/include/UnityEngine/ProBuilder/MeshOperations/MeshOperations.cpp.o
[349/403] Building CXX object CMakeFiles/bs-cordl.dir/include/UnityEngine/ResourceManagement/Exceptions/Exceptions.cpp.o
[350/403] Building CXX object CMakeFiles/bs-cordl.dir/include/UnityEngine/ResourceManagement/ResourceLocations/ResourceLocations.cpp.o
[351/403] Building CXX object CMakeFiles/bs-cordl.dir/include/UnityEngine/Profiling/Profiling.cpp.o
[352/403] Building CXX object CMakeFiles/bs-cordl.dir/include/UnityEngine/ResourceManagement/Diagnostics/Diagnostics.cpp.o
[353/403] Building CXX object CMakeFiles/bs-cordl.dir/include/UnityEngine/ProBuilder/Shapes/Shapes.cpp.o
[354/403] Building CXX object CMakeFiles/bs-cordl.dir/include/UnityEngine/ProBuilder/Poly2Tri/Poly2Tri.cpp.o
[355/403] Building CXX object CMakeFiles/bs-cordl.dir/include/UnityEngine/ResourceManagement/AsyncOperations/AsyncOperations.cpp.o
[356/403] Building CXX object CMakeFiles/bs-cordl.dir/include/UnityEngine/SceneManagement/SceneManagement.cpp.o
[357/403] Building CXX object CMakeFiles/bs-cordl.dir/include/UnityEngine/InputSystem/InputSystem.cpp.o
[358/403] Building CXX object CMakeFiles/bs-cordl.dir/include/UnityEngine/Rendering/Rendering.cpp.o
[359/403] Building CXX object CMakeFiles/bs-cordl.dir/include/UnityEngine/ResourceManagement/ResourceManagement.cpp.o
[360/403] Building CXX object CMakeFiles/bs-cordl.dir/include/UnityEngine/Scripting/APIUpdating/APIUpdating.cpp.o
[361/403] Building CXX object CMakeFiles/bs-cordl.dir/include/UnityEngine/ResourceManagement/ResourceProviders/ResourceProviders.cpp.o
[362/403] Building CXX object CMakeFiles/bs-cordl.dir/include/UnityEngine/ResourceManagement/Util/Util.cpp.o
[363/403] Building CXX object CMakeFiles/bs-cordl.dir/include/GlobalNamespace/GlobalNamespace.cpp.o
[364/403] Building CXX object CMakeFiles/bs-cordl.dir/include/UnityEngine/Scripting/Scripting.cpp.o
[365/403] Building CXX object CMakeFiles/bs-cordl.dir/include/UnityEngine/Sprites/Sprites.cpp.o
[366/403] Building CXX object CMakeFiles/bs-cordl.dir/include/UnityEngine/ProBuilder/ProBuilder.cpp.o
[367/403] Building CXX object CMakeFiles/bs-cordl.dir/include/UnityEngine/TerrainUtils/TerrainUtils.cpp.o
[368/403] Building CXX object CMakeFiles/bs-cordl.dir/include/UnityEngine/SubsystemsImplementation/SubsystemsImplementation.cpp.o
[369/403] Building CXX object CMakeFiles/bs-cordl.dir/include/UnityEngine/SpatialTracking/SpatialTracking.cpp.o
[370/403] Building CXX object CMakeFiles/bs-cordl.dir/include/UnityEngine/Serialization/Serialization.cpp.o
[371/403] Building CXX object CMakeFiles/bs-cordl.dir/include/UnityEngine/TextCore/LowLevel/LowLevel.cpp.o
[372/403] Building CXX object CMakeFiles/bs-cordl.dir/include/UnityEngine/UI/CoroutineTween/CoroutineTween.cpp.o
[373/403] Building CXX object CMakeFiles/bs-cordl.dir/include/UnityEngine/TextCore/TextCore.cpp.o
[374/403] Building CXX object CMakeFiles/bs-cordl.dir/include/UnityEngine/U2D/U2D.cpp.o
[375/403] Building CXX object CMakeFiles/bs-cordl.dir/include/UnityEngine/Tilemaps/Tilemaps.cpp.o
[376/403] Building CXX object CMakeFiles/bs-cordl.dir/include/UnityEngine/UI/Collections/Collections.cpp.o
[377/403] Building CXX object CMakeFiles/bs-cordl.dir/include/UnityEngine/UIElements/Experimental/Experimental.cpp.o
[378/403] Building CXX object CMakeFiles/bs-cordl.dir/include/UnityEngine/UIElements/StyleSheets/Syntax/Syntax.cpp.o
[379/403] Building CXX object CMakeFiles/bs-cordl.dir/include/UnityEngine/Video/Video.cpp.o
[380/403] Building CXX object CMakeFiles/bs-cordl.dir/include/UnityEngine/UIElements/StyleSheets/StyleSheets.cpp.o
[381/403] Building CXX object CMakeFiles/bs-cordl.dir/include/UnityEngine/UIElements/UIR/Implementation/Implementation.cpp.o
[382/403] Building CXX object CMakeFiles/bs-cordl.dir/include/UnityEngine/XR/Provider/Provider.cpp.o
[383/403] Building CXX object CMakeFiles/bs-cordl.dir/include/UnityEngine/TextCore/Text/Text.cpp.o
[384/403] Building CXX object CMakeFiles/bs-cordl.dir/include/UnityEngine/XR/WindowsMR/Input/Input.cpp.o
[385/403] Building CXX object CMakeFiles/bs-cordl.dir/include/UnityEngine/XR/Management/Management.cpp.o
[386/403] Building CXX object CMakeFiles/bs-cordl.dir/include/UnityEngine/Timeline/Timeline.cpp.o
[387/403] Building CXX object CMakeFiles/bs-cordl.dir/include/UnityEngine/UI/UI.cpp.o
[388/403] Building CXX object CMakeFiles/bs-cordl.dir/include/UnityEngine/XR/XR.cpp.o
[389/403] Building CXX object CMakeFiles/bs-cordl.dir/include/UnityEngine/_Scripting/APIUpdating/APIUpdating.cpp.o
[390/403] Building CXX object CMakeFiles/bs-cordl.dir/include/UnityEngineInternal/Input/Input.cpp.o
[391/403] Building CXX object CMakeFiles/bs-cordl.dir/include/UnityEngine/Yoga/Yoga.cpp.o
[392/403] Building CXX object CMakeFiles/bs-cordl.dir/include/UnityEngineInternal/UnityEngineInternal.cpp.o
[393/403] Building CXX object CMakeFiles/bs-cordl.dir/include/UnityEngine/UIElements/UIR/UIR.cpp.o
[394/403] Building CXX object CMakeFiles/bs-cordl.dir/include/UnityEngine/UIElements/Internal/Internal.cpp.o
[395/403] Building CXX object CMakeFiles/bs-cordl.dir/include/UnityOpus/UnityOpus.cpp.o
[396/403] Building CXX object CMakeFiles/bs-cordl.dir/include/cordl_internals/cordl_internals.cpp.o
[397/403] Building CXX object CMakeFiles/bs-cordl.dir/include/crypto/crypto.cpp.o
[398/403] Building CXX object CMakeFiles/bs-cordl.dir/include/VRUIControls/VRUIControls.cpp.o
[399/403] Building CXX object CMakeFiles/bs-cordl.dir/include/Zenject/Internal/Internal.cpp.o
[400/403] Building CXX object CMakeFiles/bs-cordl.dir/include/Zenject/Zenject.cpp.o
[401/403] Building CXX object CMakeFiles/bs-cordl.dir/include/UnityEngine/UnityEngine.cpp.o
[402/403] Building CXX object CMakeFiles/bs-cordl.dir/include/UnityEngine/UIElements/UIElements.cpp.o
[403/403] Linking CXX shared library libbs-cordl.so
